No errors on assembly of 'd:\stm8\ac_start\mapping.asm'
No errors on assembly of 'd:\stm8\ac_start\mapping.asm'
No errors on assembly of 'd:\stm8\ac_start\mapping.asm'
No errors on assembly of 'd:\stm8\ac_start\main.asm'
No errors on assembly of 'd:\stm8\ac_start\main.asm'
No errors on assembly of 'd:\stm8\ac_start\main.asm'
No errors on assembly of 'd:\stm8\ac_start\main.asm'
No errors on assembly of 'd:\stm8\ac_start\main.asm'
No errors on assembly of 'd:\stm8\ac_start\main.asm'
No errors on assembly of 'd:\stm8\ac_start\main.asm'
No errors on assembly of 'd:\stm8\ac_start\main.asm'
d:\stm8\ac_start\main.asm(6): as1 : Error 53: missing hex number '$0000-$0200 'user_ram''

d:\stm8\ac_start\main.asm(6): as1 : Fatal 10: SEGMENT must have 'Classname' '0000-$0200 'user_ram''

d:\stm8\ac_start\main.asm(6): as1 : Error 53: missing hex number '$0000-$0200 'user_ram''

d:\stm8\ac_start\main.asm(6): as1 : Fatal 10: SEGMENT must have 'Classname' '0000-$0200 'user_ram''

No errors on assembly of 'd:\stm8\ac_start\main.asm'
No errors on assembly of 'd:\stm8\ac_start\main.asm'
No errors on assembly of 'd:\stm8\ac_start\main.asm'
No errors on assembly of 'd:\stm8\ac_start\main.asm'
No errors on assembly of 'd:\stm8\ac_start\main.asm'
No errors on assembly of 'd:\stm8\ac_start\main.asm'
No errors on assembly of 'd:\stm8\ac_start\mapping.asm'
No errors on assembly of 'd:\stm8\ac_start\mapping.asm'
No errors on assembly of 'd:\stm8\ac_start\main.asm'
No errors on assembly of 'd:\stm8\ac_start\main.asm'
No errors on assembly of 'd:\stm8\ac_start\mapping.asm'
No errors on assembly of 'd:\stm8\ac_start\mapping.asm'
No errors on assembly of 'd:\stm8\ac_start\main.asm'
No errors on assembly of 'd:\stm8\ac_start\main.asm'
No errors on assembly of 'd:\stm8\ac_start\mapping.asm'
No errors on assembly of 'd:\stm8\ac_start\mapping.asm'
No errors on assembly of 'd:\stm8\ac_start\main.asm'
No errors on assembly of 'd:\stm8\ac_start\main.asm'
No errors on assembly of 'd:\stm8\ac_start\mapping.asm'
No errors on assembly of 'd:\stm8\ac_start\mapping.asm'
No errors on assembly of 'd:\stm8\ac_start\main.asm'
No errors on assembly of 'd:\stm8\ac_start\main.asm'
No errors on assembly of 'd:\stm8\ac_start\mapping.asm'
No errors on assembly of 'd:\stm8\ac_start\mapping.asm'
No errors on assembly of 'd:\stm8\ac_start\main.asm'
No errors on assembly of 'd:\stm8\ac_start\main.asm'
No errors on assembly of 'd:\stm8\ac_start\mapping.asm'
No errors on assembly of 'd:\stm8\ac_start\mapping.asm'
No errors on assembly of 'd:\stm8\ac_start\main.asm'
No errors on assembly of 'd:\stm8\ac_start\main.asm'
No errors on assembly of 'd:\stm8\ac_start\mapping.asm'
No errors on assembly of 'd:\stm8\ac_start\mapping.asm'
No errors on assembly of 'd:\stm8\ac_start\main.asm'
No errors on assembly of 'd:\stm8\ac_start\main.asm'
No errors on assembly of 'd:\stm8\ac_start\mapping.asm'
No errors on assembly of 'd:\stm8\ac_start\mapping.asm'
No errors on assembly of 'd:\stm8\ac_start\main.asm'
No errors on assembly of 'd:\stm8\ac_start\main.asm'
No errors on assembly of 'd:\stm8\ac_start\mapping.asm'
No errors on assembly of 'd:\stm8\ac_start\mapping.asm'
No errors on assembly of 'd:\stm8\ac_start\main.asm'
No errors on assembly of 'd:\stm8\ac_start\main.asm'
No errors on assembly of 'd:\stm8\ac_start\main.asm'
No errors on assembly of 'd:\stm8\ac_start\main.asm'
d:\stm8\ac_start\main.asm(238): as1 : Error 56: unrecognised opcode ' led_tst_off'
d:\stm8\ac_start\main.asm(240): as1 : Error 56: unrecognised opcode ' pa_isr_end'
2 errors on assembly of 'd:\stm8\ac_start\main.asm'
d:\stm8\ac_start\main.asm(238): as1 : Error 56: unrecognised opcode ' led_tst_off'
d:\stm8\ac_start\main.asm(240): as1 : Error 56: unrecognised opcode ' pa_isr_end'
d:\stm8\ac_start\main.asm(235): as2 : Error 46: Illegal undefined label 'led_tst_off'
d:\stm8\ac_start\main.asm(237): as2 : Error 46: Illegal undefined label 'pa_isr_end'
4 errors on assembly of 'd:\stm8\ac_start\main.asm'
No errors on assembly of 'd:\stm8\ac_start\main.asm'
No errors on assembly of 'd:\stm8\ac_start\main.asm'
No errors on assembly of 'd:\stm8\ac_start\mapping.asm'
No errors on assembly of 'd:\stm8\ac_start\mapping.asm'
No errors on assembly of 'd:\stm8\ac_start\main.asm'
No errors on assembly of 'd:\stm8\ac_start\main.asm'
No errors on assembly of 'd:\stm8\ac_start\mapping.asm'
No errors on assembly of 'd:\stm8\ac_start\mapping.asm'
No errors on assembly of 'd:\stm8\ac_start\main.asm'
No errors on assembly of 'd:\stm8\ac_start\main.asm'
No errors on assembly of 'd:\stm8\ac_start\mapping.asm'
No errors on assembly of 'd:\stm8\ac_start\mapping.asm'
No errors on assembly of 'd:\stm8\ac_start\main.asm'
No errors on assembly of 'd:\stm8\ac_start\main.asm'
No errors on assembly of 'd:\stm8\ac_start\mapping.asm'
No errors on assembly of 'd:\stm8\ac_start\mapping.asm'
No errors on assembly of 'd:\stm8\ac_start\main.asm'
No errors on assembly of 'd:\stm8\ac_start\main.asm'
No errors on assembly of 'd:\stm8\ac_start\mapping.asm'
No errors on assembly of 'd:\stm8\ac_start\mapping.asm'
No errors on assembly of 'd:\stm8\ac_start\main.asm'
No errors on assembly of 'd:\stm8\ac_start\main.asm'
No errors on assembly of 'd:\stm8\ac_start\mapping.asm'
No errors on assembly of 'd:\stm8\ac_start\mapping.asm'
No errors on assembly of 'd:\stm8\ac_start\main.asm'
No errors on assembly of 'd:\stm8\ac_start\main.asm'
No errors on assembly of 'd:\stm8\ac_start\main.asm'
No errors on assembly of 'd:\stm8\ac_start\main.asm'
No errors on assembly of 'd:\stm8\ac_start\mapping.asm'
No errors on assembly of 'd:\stm8\ac_start\mapping.asm'
No errors on assembly of 'd:\stm8\ac_start\main.asm'
No errors on assembly of 'd:\stm8\ac_start\main.asm'
No errors on assembly of 'd:\stm8\ac_start\main.asm'
No errors on assembly of 'd:\stm8\ac_start\main.asm'
No errors on assembly of 'd:\stm8\ac_start\mapping.asm'
No errors on assembly of 'd:\stm8\ac_start\mapping.asm'
No errors on assembly of 'd:\stm8\ac_start\main.asm'
No errors on assembly of 'd:\stm8\ac_start\main.asm'
No errors on assembly of 'd:\stm8\ac_start\mapping.asm'
No errors on assembly of 'd:\stm8\ac_start\mapping.asm'
No errors on assembly of 'd:\stm8\ac_start\main.asm'
No errors on assembly of 'd:\stm8\ac_start\main.asm'
No errors on assembly of 'd:\stm8\ac_start\mapping.asm'
No errors on assembly of 'd:\stm8\ac_start\mapping.asm'
No errors on assembly of 'd:\stm8\ac_start\main.asm'
No errors on assembly of 'd:\stm8\ac_start\main.asm'
No errors on assembly of 'd:\stm8\ac_start\mapping.asm'
No errors on assembly of 'd:\stm8\ac_start\mapping.asm'
No errors on assembly of 'd:\stm8\ac_start\main.asm'
No errors on assembly of 'd:\stm8\ac_start\main.asm'
No errors on assembly of 'd:\stm8\ac_start\main.asm'
No errors on assembly of 'd:\stm8\ac_start\main.asm'
No errors on assembly of 'd:\stm8\ac_start\mapping.asm'
No errors on assembly of 'd:\stm8\ac_start\mapping.asm'
No errors on assembly of 'd:\stm8\ac_start\main.asm'
No errors on assembly of 'd:\stm8\ac_start\main.asm'
d:\stm8\ac_start\main.asm(259): as1 : Error 50: Doubly defined label! 'clkSwitchToCrystal_hsi_rdy'
1 error on assembly of 'd:\stm8\ac_start\main.asm'
d:\stm8\ac_start\main.asm(259): as1 : Error 50: Doubly defined label! 'clkSwitchToCrystal_hsi_rdy'
1 error on assembly of 'd:\stm8\ac_start\main.asm'
d:\stm8\ac_start\main.asm(259): as1 : Error 50: Doubly defined label! 'clkSwitchToCrystal_hsi_rdy'
1 error on assembly of 'd:\stm8\ac_start\main.asm'
No errors on assembly of 'd:\stm8\ac_start\main.asm'
No errors on assembly of 'd:\stm8\ac_start\main.asm'
No errors on assembly of 'd:\stm8\ac_start\main.asm'
No errors on assembly of 'd:\stm8\ac_start\main.asm'
No errors on assembly of 'd:\stm8\ac_start\mapping.asm'
No errors on assembly of 'd:\stm8\ac_start\mapping.asm'
d:\stm8\ac_start\main.asm(237): as1 : Error 56: unrecognised opcode '	clkSwitchToCrystal_hsi_rdy'
1 error on assembly of 'd:\stm8\ac_start\main.asm'
d:\stm8\ac_start\main.asm(237): as1 : Error 56: unrecognised opcode '	clkSwitchToCrystal_hsi_rdy'
1 error on assembly of 'd:\stm8\ac_start\main.asm'
d:\stm8\ac_start\main.asm(237): as1 : Error 56: unrecognised opcode '	clkSwitchToCrystal_hsi_rdy'
1 error on assembly of 'd:\stm8\ac_start\main.asm'
d:\stm8\ac_start\main.asm(237): as1 : Error 56: unrecognised opcode '	clkSwitchToCrystal_hsi_rdy'
1 error on assembly of 'd:\stm8\ac_start\main.asm'
d:\stm8\ac_start\main.asm(237): as1 : Error 56: unrecognised opcode '	clkSwitchToCrystal_hsi_rdy'
1 error on assembly of 'd:\stm8\ac_start\main.asm'
No errors on assembly of 'd:\stm8\ac_start\main.asm'
No errors on assembly of 'd:\stm8\ac_start\main.asm'
No errors on assembly of 'd:\stm8\ac_start\main.asm'
No errors on assembly of 'd:\stm8\ac_start\main.asm'
No errors on assembly of 'd:\stm8\ac_start\mapping.asm'
No errors on assembly of 'd:\stm8\ac_start\mapping.asm'
No errors on assembly of 'd:\stm8\ac_start\main.asm'
No errors on assembly of 'd:\stm8\ac_start\main.asm'
No errors on assembly of 'd:\stm8\ac_start\mapping.asm'
No errors on assembly of 'd:\stm8\ac_start\mapping.asm'
No errors on assembly of 'd:\stm8\ac_start\main.asm'
No errors on assembly of 'd:\stm8\ac_start\main.asm'
No errors on assembly of 'd:\stm8\ac_start\main.asm'
No errors on assembly of 'd:\stm8\ac_start\main.asm'
No errors on assembly of 'd:\stm8\ac_start\mapping.asm'
No errors on assembly of 'd:\stm8\ac_start\mapping.asm'
No errors on assembly of 'd:\stm8\ac_start\main.asm'
No errors on assembly of 'd:\stm8\ac_start\main.asm'
No errors on assembly of 'd:\stm8\ac_start\main.asm'
No errors on assembly of 'd:\stm8\ac_start\main.asm'
No errors on assembly of 'd:\stm8\ac_start\mapping.asm'
No errors on assembly of 'd:\stm8\ac_start\mapping.asm'
No errors on assembly of 'd:\stm8\ac_start\main.asm'
No errors on assembly of 'd:\stm8\ac_start\main.asm'
No errors on assembly of 'd:\stm8\ac_start\mapping.asm'
No errors on assembly of 'd:\stm8\ac_start\mapping.asm'
No errors on assembly of 'd:\stm8\ac_start\main.asm'
No errors on assembly of 'd:\stm8\ac_start\main.asm'
No errors on assembly of 'd:\stm8\ac_start\main.asm'
No errors on assembly of 'd:\stm8\ac_start\main.asm'
No errors on assembly of 'd:\stm8\ac_start\mapping.asm'
No errors on assembly of 'd:\stm8\ac_start\mapping.asm'
No errors on assembly of 'd:\stm8\ac_start\main.asm'
No errors on assembly of 'd:\stm8\ac_start\main.asm'
No errors on assembly of 'd:\stm8\ac_start\mapping.asm'
No errors on assembly of 'd:\stm8\ac_start\mapping.asm'
No errors on assembly of 'd:\stm8\ac_start\main.asm'
No errors on assembly of 'd:\stm8\ac_start\main.asm'
No errors on assembly of 'd:\stm8\ac_start\mapping.asm'
No errors on assembly of 'd:\stm8\ac_start\mapping.asm'
No errors on assembly of 'd:\stm8\ac_start\main.asm'
No errors on assembly of 'd:\stm8\ac_start\main.asm'
No errors on assembly of 'd:\stm8\ac_start\mapping.asm'
No errors on assembly of 'd:\stm8\ac_start\mapping.asm'
No errors on assembly of 'd:\stm8\ac_start\main.asm'
No errors on assembly of 'd:\stm8\ac_start\main.asm'
No errors on assembly of 'd:\stm8\ac_start\mapping.asm'
No errors on assembly of 'd:\stm8\ac_start\mapping.asm'
No errors on assembly of 'd:\stm8\ac_start\main.asm'
No errors on assembly of 'd:\stm8\ac_start\main.asm'
No errors on assembly of 'd:\stm8\ac_start\main.asm'
No errors on assembly of 'd:\stm8\ac_start\main.asm'
No errors on assembly of 'd:\stm8\ac_start\mapping.asm'
No errors on assembly of 'd:\stm8\ac_start\mapping.asm'
No errors on assembly of 'd:\stm8\ac_start\main.asm'
No errors on assembly of 'd:\stm8\ac_start\main.asm'
No errors on assembly of 'd:\stm8\ac_start\mapping.asm'
No errors on assembly of 'd:\stm8\ac_start\mapping.asm'
No errors on assembly of 'd:\stm8\ac_start\main.asm'
d:\stm8\ac_start\main.asm(275): as2 : Error 46: Illegal undefined label 'YIM1_ARRL, A ;LOW byle secondly, as in datasheet'
d:\stm8\ac_start\main.asm(281): as2 : Error 46: Illegal undefined label 'TIM1_CCR3, A ;high first, as described in PDF'
d:\stm8\ac_start\main.asm(283): as2 : Error 46: Illegal undefined label 'TIM1_CCR3, A'
3 errors on assembly of 'd:\stm8\ac_start\main.asm'
No errors on assembly of 'd:\stm8\ac_start\main.asm'
d:\stm8\ac_start\main.asm(275): as2 : Error 46: Illegal undefined label 'YIM1_ARRL, A ;LOW byle secondly, as in datasheet'
1 error on assembly of 'd:\stm8\ac_start\main.asm'
No errors on assembly of 'd:\stm8\ac_start\main.asm'
No errors on assembly of 'd:\stm8\ac_start\main.asm'
No errors on assembly of 'd:\stm8\ac_start\mapping.asm'
No errors on assembly of 'd:\stm8\ac_start\mapping.asm'
No errors on assembly of 'd:\stm8\ac_start\main.asm'
No errors on assembly of 'd:\stm8\ac_start\main.asm'
No errors on assembly of 'd:\stm8\ac_start\main.asm'
No errors on assembly of 'd:\stm8\ac_start\main.asm'
No errors on assembly of 'd:\stm8\ac_start\mapping.asm'
No errors on assembly of 'd:\stm8\ac_start\mapping.asm'
No errors on assembly of 'd:\stm8\ac_start\main.asm'
No errors on assembly of 'd:\stm8\ac_start\main.asm'
No errors on assembly of 'd:\stm8\ac_start\mapping.asm'
No errors on assembly of 'd:\stm8\ac_start\mapping.asm'
No errors on assembly of 'd:\stm8\ac_start\main.asm'
No errors on assembly of 'd:\stm8\ac_start\main.asm'
No errors on assembly of 'd:\stm8\ac_start\mapping.asm'
No errors on assembly of 'd:\stm8\ac_start\mapping.asm'
No errors on assembly of 'd:\stm8\ac_start\main.asm'
No errors on assembly of 'd:\stm8\ac_start\main.asm'
d:\stm8\ac_start\main.asm(289): as1 : Error 54: Can't match Addressing mode '	DECW u16delayDuration'
1 error on assembly of 'd:\stm8\ac_start\main.asm'
d:\stm8\ac_start\main.asm(289): as1 : Error 54: Can't match Addressing mode '	DECW u16delayDuration'
d:\stm8\ac_start\main.asm(87): as2 : Error 46: Illegal undefined label 'EXTi_CR1 , #0 ;PAIS 0'
2 errors on assembly of 'd:\stm8\ac_start\main.asm'
d:\stm8\ac_start\main.asm(289): as1 : Error 54: Can't match Addressing mode '	DECW u16delayDuration'
1 error on assembly of 'd:\stm8\ac_start\main.asm'
d:\stm8\ac_start\main.asm(289): as1 : Error 54: Can't match Addressing mode '	DECW u16delayDuration'
1 error on assembly of 'd:\stm8\ac_start\main.asm'
No errors on assembly of 'd:\stm8\ac_start\mapping.asm'
No errors on assembly of 'd:\stm8\ac_start\mapping.asm'
No errors on assembly of 'd:\stm8\ac_start\main.asm'
d:\stm8\ac_start\main.asm(284): as2 : Error 46: Illegal undefined label 'u16delayDurationt, X ; and save it'
1 error on assembly of 'd:\stm8\ac_start\main.asm'
No errors on assembly of 'd:\stm8\ac_start\main.asm'
d:\stm8\ac_start\main.asm(284): as2 : Error 46: Illegal undefined label 'u16delayDurationt, X ; and save it'
1 error on assembly of 'd:\stm8\ac_start\main.asm'
No errors on assembly of 'd:\stm8\ac_start\main.asm'
d:\stm8\ac_start\main.asm(284): as2 : Error 46: Illegal undefined label 'u16delayDurationt, X '
1 error on assembly of 'd:\stm8\ac_start\main.asm'
No errors on assembly of 'd:\stm8\ac_start\main.asm'
No errors on assembly of 'd:\stm8\ac_start\main.asm'
No errors on assembly of 'd:\stm8\ac_start\main.asm'
No errors on assembly of 'd:\stm8\ac_start\main.asm'
No errors on assembly of 'd:\stm8\ac_start\main.asm'
No errors on assembly of 'd:\stm8\ac_start\main.asm'
No errors on assembly of 'd:\stm8\ac_start\main.asm'
No errors on assembly of 'd:\stm8\ac_start\mapping.asm'
No errors on assembly of 'd:\stm8\ac_start\mapping.asm'
No errors on assembly of 'd:\stm8\ac_start\main.asm'
No errors on assembly of 'd:\stm8\ac_start\main.asm'
No errors on assembly of 'd:\stm8\ac_start\mapping.asm'
No errors on assembly of 'd:\stm8\ac_start\mapping.asm'
No errors on assembly of 'd:\stm8\ac_start\main.asm'
No errors on assembly of 'd:\stm8\ac_start\main.asm'
No errors on assembly of 'd:\stm8\ac_start\main.asm'
No errors on assembly of 'd:\stm8\ac_start\main.asm'
No errors on assembly of 'd:\stm8\ac_start\mapping.asm'
No errors on assembly of 'd:\stm8\ac_start\mapping.asm'
No errors on assembly of 'd:\stm8\ac_start\main.asm'
No errors on assembly of 'd:\stm8\ac_start\main.asm'
No errors on assembly of 'd:\stm8\ac_start\main.asm'
No errors on assembly of 'd:\stm8\ac_start\main.asm'
No errors on assembly of 'd:\stm8\ac_start\main.asm'
No errors on assembly of 'd:\stm8\ac_start\main.asm'
No errors on assembly of 'd:\stm8\ac_start\mapping.asm'
No errors on assembly of 'd:\stm8\ac_start\mapping.asm'
No errors on assembly of 'd:\stm8\ac_start\main.asm'
No errors on assembly of 'd:\stm8\ac_start\main.asm'
No errors on assembly of 'd:\stm8\ac_start\main.asm'
d:\stm8\ac_start\main.asm(387): as1 : Error 56: unrecognised opcode ' _rx_second_byte'
1 error on assembly of 'd:\stm8\ac_start\main.asm'
d:\stm8\ac_start\main.asm(387): as1 : Error 56: unrecognised opcode ' _rx_second_byte'
d:\stm8\ac_start\main.asm(384): as2 : Error 46: Illegal undefined label '_rx_second_byte'
2 errors on assembly of 'd:\stm8\ac_start\main.asm'
No errors on assembly of 'd:\stm8\ac_start\main.asm'
No errors on assembly of 'd:\stm8\ac_start\main.asm'
No errors on assembly of 'd:\stm8\ac_start\main.asm'
No errors on assembly of 'd:\stm8\ac_start\main.asm'
d:\stm8\ac_start\main.asm(394): as1 : Error 56: unrecognised opcode '	ORW u16test, X '
1 error on assembly of 'd:\stm8\ac_start\main.asm'
d:\stm8\ac_start\main.asm(394): as1 : Error 56: unrecognised opcode '	ORW u16test, X '
1 error on assembly of 'd:\stm8\ac_start\main.asm'
No errors on assembly of 'd:\stm8\ac_start\main.asm'
No errors on assembly of 'd:\stm8\ac_start\main.asm'
No errors on assembly of 'd:\stm8\ac_start\mapping.asm'
No errors on assembly of 'd:\stm8\ac_start\mapping.asm'
No errors on assembly of 'd:\stm8\ac_start\main.asm'
No errors on assembly of 'd:\stm8\ac_start\main.asm'
No errors on assembly of 'd:\stm8\ac_start\mapping.asm'
No errors on assembly of 'd:\stm8\ac_start\mapping.asm'
d:\stm8\ac_start\main.asm(157): as1 : Error 54: Can't match Addressing mode '	     SUB ($6,SP), A'
d:\stm8\ac_start\main.asm(161): as1 : Error 54: Can't match Addressing mode '	 SUB ($6,SP), A'
2 errors on assembly of 'd:\stm8\ac_start\main.asm'
d:\stm8\ac_start\main.asm(157): as1 : Error 54: Can't match Addressing mode '	     SUB ($6,SP), A'
d:\stm8\ac_start\main.asm(161): as1 : Error 54: Can't match Addressing mode '	 SUB ($6,SP), A'
2 errors on assembly of 'd:\stm8\ac_start\main.asm'
No errors on assembly of 'd:\stm8\ac_start\main.asm'
No errors on assembly of 'd:\stm8\ac_start\main.asm'
No errors on assembly of 'd:\stm8\ac_start\main.asm'
No errors on assembly of 'd:\stm8\ac_start\main.asm'
No errors on assembly of 'd:\stm8\ac_start\mapping.asm'
No errors on assembly of 'd:\stm8\ac_start\mapping.asm'
No errors on assembly of 'd:\stm8\ac_start\main.asm'
No errors on assembly of 'd:\stm8\ac_start\main.asm'
No errors on assembly of 'd:\stm8\ac_start\mapping.asm'
No errors on assembly of 'd:\stm8\ac_start\mapping.asm'
No errors on assembly of 'd:\stm8\ac_start\main.asm'
No errors on assembly of 'd:\stm8\ac_start\main.asm'
No errors on assembly of 'd:\stm8\ac_start\mapping.asm'
No errors on assembly of 'd:\stm8\ac_start\mapping.asm'
No errors on assembly of 'd:\stm8\ac_start\main.asm'
No errors on assembly of 'd:\stm8\ac_start\main.asm'
No errors on assembly of 'd:\stm8\ac_start\mapping.asm'
No errors on assembly of 'd:\stm8\ac_start\mapping.asm'
No errors on assembly of 'd:\stm8\ac_start\main.asm'
No errors on assembly of 'd:\stm8\ac_start\main.asm'
No errors on assembly of 'd:\stm8\ac_start\mapping.asm'
No errors on assembly of 'd:\stm8\ac_start\mapping.asm'
No errors on assembly of 'd:\stm8\ac_start\main.asm'
No errors on assembly of 'd:\stm8\ac_start\main.asm'
No errors on assembly of 'd:\stm8\ac_start\main.asm'
No errors on assembly of 'd:\stm8\ac_start\main.asm'
No errors on assembly of 'd:\stm8\ac_start\mapping.asm'
No errors on assembly of 'd:\stm8\ac_start\mapping.asm'
No errors on assembly of 'd:\stm8\ac_start\main.asm'
No errors on assembly of 'd:\stm8\ac_start\main.asm'
No errors on assembly of 'd:\stm8\ac_start\mapping.asm'
No errors on assembly of 'd:\stm8\ac_start\mapping.asm'
No errors on assembly of 'd:\stm8\ac_start\main.asm'
No errors on assembly of 'd:\stm8\ac_start\main.asm'
No errors on assembly of 'd:\stm8\ac_start\mapping.asm'
No errors on assembly of 'd:\stm8\ac_start\mapping.asm'
No errors on assembly of 'd:\stm8\ac_start\main.asm'
No errors on assembly of 'd:\stm8\ac_start\main.asm'
d:\stm8\ac_start\main.asm(427): as1 : Error 54: Can't match Addressing mode ' DECW SP,#1'
d:\stm8\ac_start\main.asm(451): as1 : Error 54: Can't match Addressing mode '	OR XH, A'
d:\stm8\ac_start\main.asm(468): as1 : Error 54: Can't match Addressing mode '  INCW SP,#1'
3 errors on assembly of 'd:\stm8\ac_start\main.asm'
No errors on assembly of 'd:\stm8\ac_start\mapping.asm'
No errors on assembly of 'd:\stm8\ac_start\mapping.asm'
d:\stm8\ac_start\main.asm(427): as1 : Error 54: Can't match Addressing mode ' DECW SP,#1'
d:\stm8\ac_start\main.asm(491): as1 : Error 54: Can't match Addressing mode '  INCW SP,#1'
2 errors on assembly of 'd:\stm8\ac_start\main.asm'
d:\stm8\ac_start\main.asm(427): as1 : Error 54: Can't match Addressing mode ' DECW SP,#1'
d:\stm8\ac_start\main.asm(491): as1 : Error 54: Can't match Addressing mode '  INCW SP,#1'
d:\stm8\ac_start\main.asm(429): as2 : Error 46: Illegal undefined label '_rx_4_nibble'
d:\stm8\ac_start\main.asm(442): as2 : Error 46: Illegal undefined label '_3_nibble'
d:\stm8\ac_start\main.asm(458): as2 : Error 46: Illegal undefined label '_2_nibble'
d:\stm8\ac_start\main.asm(472): as2 : Error 46: Illegal undefined label '_1_nibble'
6 errors on assembly of 'd:\stm8\ac_start\main.asm'
d:\stm8\ac_start\main.asm(427): as1 : Error 54: Can't match Addressing mode ' DECW SP,#$1'
d:\stm8\ac_start\main.asm(491): as1 : Error 54: Can't match Addressing mode '  INCW SP,#1'
2 errors on assembly of 'd:\stm8\ac_start\main.asm'
d:\stm8\ac_start\main.asm(427): as1 : Error 54: Can't match Addressing mode ' DECW SP,#$1'
d:\stm8\ac_start\main.asm(491): as1 : Error 54: Can't match Addressing mode '  INCW SP,#1'
d:\stm8\ac_start\main.asm(429): as2 : Error 46: Illegal undefined label '_rx_4_nibble'
d:\stm8\ac_start\main.asm(442): as2 : Error 46: Illegal undefined label '_3_nibble'
d:\stm8\ac_start\main.asm(458): as2 : Error 46: Illegal undefined label '_2_nibble'
d:\stm8\ac_start\main.asm(472): as2 : Error 46: Illegal undefined label '_1_nibble'
6 errors on assembly of 'd:\stm8\ac_start\main.asm'
d:\stm8\ac_start\main.asm(427): as1 : Error 54: Can't match Addressing mode ' DECW SP,#$1'
d:\stm8\ac_start\main.asm(491): as1 : Error 54: Can't match Addressing mode '  INCW SP,#1'
2 errors on assembly of 'd:\stm8\ac_start\main.asm'
d:\stm8\ac_start\main.asm(427): as1 : Error 54: Can't match Addressing mode ' DECW SP,#$1'
d:\stm8\ac_start\main.asm(491): as1 : Error 54: Can't match Addressing mode '  INCW SP,#1'
d:\stm8\ac_start\main.asm(442): as2 : Error 46: Illegal undefined label '_3_nibble'
d:\stm8\ac_start\main.asm(458): as2 : Error 46: Illegal undefined label '_2_nibble'
d:\stm8\ac_start\main.asm(472): as2 : Error 46: Illegal undefined label '_1_nibble'
5 errors on assembly of 'd:\stm8\ac_start\main.asm'
d:\stm8\ac_start\main.asm(427): as1 : Error 54: Can't match Addressing mode ' DECW SP '
d:\stm8\ac_start\main.asm(491): as1 : Error 54: Can't match Addressing mode '  INCW SP '
2 errors on assembly of 'd:\stm8\ac_start\main.asm'
d:\stm8\ac_start\main.asm(427): as1 : Error 54: Can't match Addressing mode ' DECW SP '
d:\stm8\ac_start\main.asm(491): as1 : Error 54: Can't match Addressing mode '  INCW SP '
d:\stm8\ac_start\main.asm(442): as2 : Error 46: Illegal undefined label '_3_nibble'
d:\stm8\ac_start\main.asm(458): as2 : Error 46: Illegal undefined label '_2_nibble'
d:\stm8\ac_start\main.asm(472): as2 : Error 46: Illegal undefined label '_1_nibble'
5 errors on assembly of 'd:\stm8\ac_start\main.asm'
d:\stm8\ac_start\main.asm(427): as1 : Error 54: Can't match Addressing mode ' DECW SP '
d:\stm8\ac_start\main.asm(491): as1 : Error 54: Can't match Addressing mode '  INCW SP '
2 errors on assembly of 'd:\stm8\ac_start\main.asm'
d:\stm8\ac_start\main.asm(427): as1 : Error 54: Can't match Addressing mode ' DECW SP '
d:\stm8\ac_start\main.asm(491): as1 : Error 54: Can't match Addressing mode '  INCW SP '
d:\stm8\ac_start\main.asm(442): as2 : Error 46: Illegal undefined label '_3_nibble'
d:\stm8\ac_start\main.asm(458): as2 : Error 46: Illegal undefined label '_2_nibble'
d:\stm8\ac_start\main.asm(472): as2 : Error 46: Illegal undefined label '_1_nibble'
5 errors on assembly of 'd:\stm8\ac_start\main.asm'
d:\stm8\ac_start\main.asm(427): as1 : Error 54: Can't match Addressing mode ' DECW SP '
d:\stm8\ac_start\main.asm(491): as1 : Error 54: Can't match Addressing mode '  INCW SP '
2 errors on assembly of 'd:\stm8\ac_start\main.asm'
d:\stm8\ac_start\main.asm(427): as1 : Error 54: Can't match Addressing mode ' DECW SP '
d:\stm8\ac_start\main.asm(491): as1 : Error 54: Can't match Addressing mode '  INCW SP '
d:\stm8\ac_start\main.asm(472): as2 : Error 46: Illegal undefined label '_1_nibble'
3 errors on assembly of 'd:\stm8\ac_start\main.asm'
d:\stm8\ac_start\main.asm(427): as1 : Error 54: Can't match Addressing mode ' DECW SP '
d:\stm8\ac_start\main.asm(491): as1 : Error 54: Can't match Addressing mode '  INCW SP '
2 errors on assembly of 'd:\stm8\ac_start\main.asm'
d:\stm8\ac_start\main.asm(427): as1 : Error 54: Can't match Addressing mode ' DECW SP '
d:\stm8\ac_start\main.asm(491): as1 : Error 54: Can't match Addressing mode '  INCW SP '
2 errors on assembly of 'd:\stm8\ac_start\main.asm'
No errors on assembly of 'd:\stm8\ac_start\main.asm'
No errors on assembly of 'd:\stm8\ac_start\main.asm'
No errors on assembly of 'd:\stm8\ac_start\mapping.asm'
No errors on assembly of 'd:\stm8\ac_start\mapping.asm'
No errors on assembly of 'd:\stm8\ac_start\main.asm'
No errors on assembly of 'd:\stm8\ac_start\main.asm'
No errors on assembly of 'd:\stm8\ac_start\mapping.asm'
No errors on assembly of 'd:\stm8\ac_start\mapping.asm'
No errors on assembly of 'd:\stm8\ac_start\main.asm'
No errors on assembly of 'd:\stm8\ac_start\main.asm'
No errors on assembly of 'd:\stm8\ac_start\mapping.asm'
No errors on assembly of 'd:\stm8\ac_start\mapping.asm'
d:\stm8\ac_start\main.asm(115): as1 : Error 56: unrecognised opcode 'LDW X, #$01FE'
d:\stm8\ac_start\main.asm(115): as1 : Error 69: Ambiguous label name 'LDW X, #$01FE'
2 errors on assembly of 'd:\stm8\ac_start\main.asm'
d:\stm8\ac_start\main.asm(115): as1 : Error 56: unrecognised opcode 'LDW X, #$01FE'
d:\stm8\ac_start\main.asm(115): as1 : Error 69: Ambiguous label name 'LDW X, #$01FE'
2 errors on assembly of 'd:\stm8\ac_start\main.asm'
No errors on assembly of 'd:\stm8\ac_start\main.asm'
No errors on assembly of 'd:\stm8\ac_start\main.asm'
No errors on assembly of 'd:\stm8\ac_start\mapping.asm'
No errors on assembly of 'd:\stm8\ac_start\mapping.asm'
No errors on assembly of 'd:\stm8\ac_start\main.asm'
No errors on assembly of 'd:\stm8\ac_start\main.asm'
No errors on assembly of 'd:\stm8\ac_start\mapping.asm'
No errors on assembly of 'd:\stm8\ac_start\mapping.asm'
No errors on assembly of 'd:\stm8\ac_start\main.asm'
No errors on assembly of 'd:\stm8\ac_start\main.asm'
No errors on assembly of 'd:\stm8\ac_start\mapping.asm'
No errors on assembly of 'd:\stm8\ac_start\mapping.asm'
No errors on assembly of 'd:\stm8\ac_start\main.asm'
No errors on assembly of 'd:\stm8\ac_start\main.asm'
No errors on assembly of 'd:\stm8\ac_start\mapping.asm'
No errors on assembly of 'd:\stm8\ac_start\mapping.asm'
No errors on assembly of 'd:\stm8\ac_start\main.asm'
No errors on assembly of 'd:\stm8\ac_start\main.asm'
No errors on assembly of 'd:\stm8\ac_start\mapping.asm'
No errors on assembly of 'd:\stm8\ac_start\mapping.asm'
No errors on assembly of 'd:\stm8\ac_start\main.asm'
d:\stm8\ac_start\main.asm(395): as2 : Error 46: Illegal undefined label '_start_t1'
1 error on assembly of 'd:\stm8\ac_start\main.asm'
No errors on assembly of 'd:\stm8\ac_start\main.asm'
No errors on assembly of 'd:\stm8\ac_start\main.asm'
d:\stm8\ac_start\main.asm(395): as2 : Error 46: Illegal undefined label '_start_t1'
1 error on assembly of 'd:\stm8\ac_start\main.asm'
No errors on assembly of 'd:\stm8\ac_start\mapping.asm'
No errors on assembly of 'd:\stm8\ac_start\mapping.asm'
No errors on assembly of 'd:\stm8\ac_start\main.asm'
d:\stm8\ac_start\main.asm(395): as2 : Error 46: Illegal undefined label '_start_t1'
1 error on assembly of 'd:\stm8\ac_start\main.asm'
No errors on assembly of 'd:\stm8\ac_start\mapping.asm'
No errors on assembly of 'd:\stm8\ac_start\mapping.asm'
No errors on assembly of 'd:\stm8\ac_start\main.asm'
No errors on assembly of 'd:\stm8\ac_start\main.asm'
No errors on assembly of 'd:\stm8\ac_start\mapping.asm'
No errors on assembly of 'd:\stm8\ac_start\mapping.asm'
No errors on assembly of 'd:\stm8\ac_start\main.asm'
No errors on assembly of 'd:\stm8\ac_start\main.asm'
No errors on assembly of 'd:\stm8\ac_start\mapping.asm'
No errors on assembly of 'd:\stm8\ac_start\mapping.asm'
No errors on assembly of 'd:\stm8\ac_start\main.asm'
No errors on assembly of 'd:\stm8\ac_start\main.asm'
No errors on assembly of 'd:\stm8\ac_start\mapping.asm'
No errors on assembly of 'd:\stm8\ac_start\mapping.asm'
No errors on assembly of 'd:\stm8\ac_start\main.asm'
No errors on assembly of 'd:\stm8\ac_start\main.asm'
No errors on assembly of 'd:\stm8\ac_start\mapping.asm'
No errors on assembly of 'd:\stm8\ac_start\mapping.asm'
No errors on assembly of 'd:\stm8\ac_start\main.asm'
No errors on assembly of 'd:\stm8\ac_start\main.asm'
No errors on assembly of 'd:\stm8\ac_start\mapping.asm'
No errors on assembly of 'd:\stm8\ac_start\mapping.asm'
No errors on assembly of 'd:\stm8\ac_start\main.asm'
No errors on assembly of 'd:\stm8\ac_start\main.asm'
No errors on assembly of 'd:\stm8\ac_start\mapping.asm'
No errors on assembly of 'd:\stm8\ac_start\mapping.asm'
No errors on assembly of 'd:\stm8\ac_start\main.asm'
No errors on assembly of 'd:\stm8\ac_start\main.asm'
No errors on assembly of 'd:\stm8\ac_start\mapping.asm'
No errors on assembly of 'd:\stm8\ac_start\mapping.asm'
No errors on assembly of 'd:\stm8\ac_start\main.asm'
No errors on assembly of 'd:\stm8\ac_start\main.asm'
No errors on assembly of 'd:\stm8\ac_start\mapping.asm'
No errors on assembly of 'd:\stm8\ac_start\mapping.asm'
No errors on assembly of 'd:\stm8\ac_start\main.asm'
No errors on assembly of 'd:\stm8\ac_start\main.asm'
No errors on assembly of 'd:\stm8\ac_start\main.asm'
No errors on assembly of 'd:\stm8\ac_start\mapping.asm'
No errors on assembly of 'd:\stm8\ac_start\mapping.asm'
No errors on assembly of 'd:\stm8\ac_start\main.asm'
No errors on assembly of 'd:\stm8\ac_start\main.asm'
No errors on assembly of 'd:\stm8\ac_start\mapping.asm'
No errors on assembly of 'd:\stm8\ac_start\mapping.asm'
No errors on assembly of 'd:\stm8\ac_start\main.asm'
No errors on assembly of 'd:\stm8\ac_start\main.asm'
No errors on assembly of 'd:\stm8\ac_start\mapping.asm'
No errors on assembly of 'd:\stm8\ac_start\mapping.asm'
No errors on assembly of 'd:\stm8\ac_start\main.asm'
No errors on assembly of 'd:\stm8\ac_start\main.asm'
No errors on assembly of 'd:\stm8\ac_start\mapping.asm'
No errors on assembly of 'd:\stm8\ac_start\mapping.asm'
No errors on assembly of 'd:\stm8\ac_start\main.asm'
No errors on assembly of 'd:\stm8\ac_start\main.asm'
No errors on assembly of 'd:\stm8\ac_start\mapping.asm'
No errors on assembly of 'd:\stm8\ac_start\mapping.asm'
No errors on assembly of 'd:\stm8\ac_start\main.asm'
No errors on assembly of 'd:\stm8\ac_start\main.asm'
No errors on assembly of 'd:\stm8\ac_start\mapping.asm'
No errors on assembly of 'd:\stm8\ac_start\mapping.asm'
No errors on assembly of 'd:\stm8\ac_start\main.asm'
No errors on assembly of 'd:\stm8\ac_start\main.asm'
No errors on assembly of 'd:\stm8\ac_start\mapping.asm'
No errors on assembly of 'd:\stm8\ac_start\mapping.asm'
No errors on assembly of 'd:\stm8\ac_start\main.asm'
No errors on assembly of 'd:\stm8\ac_start\main.asm'
No errors on assembly of 'd:\stm8\ac_start\mapping.asm'
No errors on assembly of 'd:\stm8\ac_start\mapping.asm'
No errors on assembly of 'd:\stm8\ac_start\main.asm'
No errors on assembly of 'd:\stm8\ac_start\main.asm'
No errors on assembly of 'd:\stm8\ac_start\mapping.asm'
No errors on assembly of 'd:\stm8\ac_start\mapping.asm'
No errors on assembly of 'd:\stm8\ac_start\main.asm'
No errors on assembly of 'd:\stm8\ac_start\main.asm'
No errors on assembly of 'd:\stm8\ac_start\mapping.asm'
No errors on assembly of 'd:\stm8\ac_start\mapping.asm'
No errors on assembly of 'd:\stm8\ac_start\main.asm'
No errors on assembly of 'd:\stm8\ac_start\main.asm'
No errors on assembly of 'd:\stm8\ac_start\mapping.asm'
No errors on assembly of 'd:\stm8\ac_start\mapping.asm'
No errors on assembly of 'd:\stm8\ac_start\main.asm'
No errors on assembly of 'd:\stm8\ac_start\main.asm'
No errors on assembly of 'd:\stm8\ac_start\mapping.asm'
No errors on assembly of 'd:\stm8\ac_start\mapping.asm'
No errors on assembly of 'd:\stm8\ac_start\main.asm'
No errors on assembly of 'd:\stm8\ac_start\main.asm'
No errors on assembly of 'd:\stm8\ac_start\main.asm'
No errors on assembly of 'd:\stm8\ac_start\main.asm'
No errors on assembly of 'd:\stm8\ac_start\mapping.asm'
No errors on assembly of 'd:\stm8\ac_start\mapping.asm'
No errors on assembly of 'd:\stm8\ac_start\main.asm'
No errors on assembly of 'd:\stm8\ac_start\main.asm'
No errors on assembly of 'd:\stm8\ac_start\mapping.asm'
No errors on assembly of 'd:\stm8\ac_start\mapping.asm'
No errors on assembly of 'd:\stm8\ac_start\main.asm'
No errors on assembly of 'd:\stm8\ac_start\main.asm'
No errors on assembly of 'd:\stm8\ac_start\main.asm'
No errors on assembly of 'd:\stm8\ac_start\main.asm'
No errors on assembly of 'd:\stm8\ac_start\main.asm'
No errors on assembly of 'd:\stm8\ac_start\mapping.asm'
No errors on assembly of 'd:\stm8\ac_start\mapping.asm'
d:\stm8\ac_start\main.asm(372): as1 : Error 69: Ambiguous label name 'NOP'
d:\stm8\ac_start\main.asm(373): as1 : Error 69: Ambiguous label name 'NOP'
d:\stm8\ac_start\main.asm(373): as1 : Error 50: Doubly defined label! 'NOP'
3 errors on assembly of 'd:\stm8\ac_start\main.asm'
d:\stm8\ac_start\main.asm(372): as1 : Error 69: Ambiguous label name 'NOP'
d:\stm8\ac_start\main.asm(373): as1 : Error 69: Ambiguous label name 'NOP'
d:\stm8\ac_start\main.asm(373): as1 : Error 50: Doubly defined label! 'NOP'
3 errors on assembly of 'd:\stm8\ac_start\main.asm'
d:\stm8\ac_start\main.asm(372): as1 : Error 69: Ambiguous label name 'NOP'
d:\stm8\ac_start\main.asm(373): as1 : Error 69: Ambiguous label name 'NOP'
d:\stm8\ac_start\main.asm(373): as1 : Error 50: Doubly defined label! 'NOP'
3 errors on assembly of 'd:\stm8\ac_start\main.asm'
d:\stm8\ac_start\main.asm(372): as1 : Error 69: Ambiguous label name 'NOP'
d:\stm8\ac_start\main.asm(373): as1 : Error 69: Ambiguous label name 'NOP'
d:\stm8\ac_start\main.asm(373): as1 : Error 50: Doubly defined label! 'NOP'
3 errors on assembly of 'd:\stm8\ac_start\main.asm'
d:\stm8\ac_start\main.asm(372): as1 : Error 69: Ambiguous label name 'NOP'
d:\stm8\ac_start\main.asm(373): as1 : Error 69: Ambiguous label name 'NOP'
d:\stm8\ac_start\main.asm(373): as1 : Error 50: Doubly defined label! 'NOP'
3 errors on assembly of 'd:\stm8\ac_start\main.asm'
No errors on assembly of 'd:\stm8\ac_start\mapping.asm'
No errors on assembly of 'd:\stm8\ac_start\mapping.asm'
No errors on assembly of 'd:\stm8\ac_start\main.asm'
No errors on assembly of 'd:\stm8\ac_start\main.asm'
No errors on assembly of 'd:\stm8\ac_start\mapping.asm'
No errors on assembly of 'd:\stm8\ac_start\mapping.asm'
No errors on assembly of 'd:\stm8\ac_start\main.asm'
d:\stm8\ac_start\main.asm(375): as2 : Error 46: Illegal undefined label 'TIM1_CCR3, X'
1 error on assembly of 'd:\stm8\ac_start\main.asm'
No errors on assembly of 'd:\stm8\ac_start\main.asm'
No errors on assembly of 'd:\stm8\ac_start\main.asm'
d:\stm8\ac_start\main.asm(375): as2 : Error 46: Illegal undefined label 'TIM1_CCR3, X'
1 error on assembly of 'd:\stm8\ac_start\main.asm'
No errors on assembly of 'd:\stm8\ac_start\main.asm'
d:\stm8\ac_start\main.asm(375): as2 : Error 46: Illegal undefined label 'TIM1_CR3, X'
1 error on assembly of 'd:\stm8\ac_start\main.asm'
No errors on assembly of 'd:\stm8\ac_start\mapping.asm'
No errors on assembly of 'd:\stm8\ac_start\mapping.asm'
d:\stm8\ac_start\main.asm(375): as1 : Error 54: Can't match Addressing mode '	LD $5269, XH'
d:\stm8\ac_start\main.asm(376): as1 : Error 54: Can't match Addressing mode '	LD $526A, XL'
2 errors on assembly of 'd:\stm8\ac_start\main.asm'
d:\stm8\ac_start\main.asm(375): as1 : Error 54: Can't match Addressing mode '	LD $5269, XH'
d:\stm8\ac_start\main.asm(376): as1 : Error 54: Can't match Addressing mode '	LD $526A, XL'
2 errors on assembly of 'd:\stm8\ac_start\main.asm'
No errors on assembly of 'd:\stm8\ac_start\mapping.asm'
No errors on assembly of 'd:\stm8\ac_start\mapping.asm'
No errors on assembly of 'd:\stm8\ac_start\main.asm'
No errors on assembly of 'd:\stm8\ac_start\main.asm'
No errors on assembly of 'd:\stm8\ac_start\main.asm'
No errors on assembly of 'd:\stm8\ac_start\mapping.asm'
No errors on assembly of 'd:\stm8\ac_start\mapping.asm'
No errors on assembly of 'd:\stm8\ac_start\main.asm'
No errors on assembly of 'd:\stm8\ac_start\main.asm'
No errors on assembly of 'd:\stm8\ac_start\mapping.asm'
No errors on assembly of 'd:\stm8\ac_start\mapping.asm'
No errors on assembly of 'd:\stm8\ac_start\main.asm'
No errors on assembly of 'd:\stm8\ac_start\main.asm'
No errors on assembly of 'd:\stm8\ac_start\mapping.asm'
No errors on assembly of 'd:\stm8\ac_start\mapping.asm'
No errors on assembly of 'd:\stm8\ac_start\main.asm'
No errors on assembly of 'd:\stm8\ac_start\main.asm'
No errors on assembly of 'd:\stm8\ac_start\mapping.asm'
No errors on assembly of 'd:\stm8\ac_start\mapping.asm'
No errors on assembly of 'd:\stm8\ac_start\main.asm'
No errors on assembly of 'd:\stm8\ac_start\main.asm'
No errors on assembly of 'd:\stm8\ac_start\mapping.asm'
No errors on assembly of 'd:\stm8\ac_start\mapping.asm'
No errors on assembly of 'd:\stm8\ac_start\main.asm'
No errors on assembly of 'd:\stm8\ac_start\main.asm'
No errors on assembly of 'd:\stm8\ac_start\main.asm'
No errors on assembly of 'd:\stm8\ac_start\main.asm'
No errors on assembly of 'd:\stm8\ac_start\mapping.asm'
No errors on assembly of 'd:\stm8\ac_start\mapping.asm'
No errors on assembly of 'd:\stm8\ac_start\main.asm'
No errors on assembly of 'd:\stm8\ac_start\main.asm'
No errors on assembly of 'd:\stm8\ac_start\mapping.asm'
No errors on assembly of 'd:\stm8\ac_start\mapping.asm'
No errors on assembly of 'd:\stm8\ac_start\main.asm'
No errors on assembly of 'd:\stm8\ac_start\main.asm'
No errors on assembly of 'd:\stm8\ac_start\mapping.asm'
No errors on assembly of 'd:\stm8\ac_start\mapping.asm'
No errors on assembly of 'd:\stm8\ac_start\main.asm'
No errors on assembly of 'd:\stm8\ac_start\main.asm'
No errors on assembly of 'd:\stm8\ac_start\mapping.asm'
No errors on assembly of 'd:\stm8\ac_start\mapping.asm'
No errors on assembly of 'd:\stm8\ac_start\main.asm'
No errors on assembly of 'd:\stm8\ac_start\main.asm'
No errors on assembly of 'd:\stm8\ac_start\mapping.asm'
No errors on assembly of 'd:\stm8\ac_start\mapping.asm'
No errors on assembly of 'd:\stm8\ac_start\main.asm'
No errors on assembly of 'd:\stm8\ac_start\main.asm'
No errors on assembly of 'd:\stm8\ac_start\mapping.asm'
No errors on assembly of 'd:\stm8\ac_start\mapping.asm'
No errors on assembly of 'd:\stm8\ac_start\main.asm'
No errors on assembly of 'd:\stm8\ac_start\main.asm'
No errors on assembly of 'd:\stm8\ac_start\mapping.asm'
No errors on assembly of 'd:\stm8\ac_start\mapping.asm'
No errors on assembly of 'd:\stm8\ac_start\main.asm'
No errors on assembly of 'd:\stm8\ac_start\main.asm'
No errors on assembly of 'd:\stm8\ac_start\mapping.asm'
No errors on assembly of 'd:\stm8\ac_start\mapping.asm'
No errors on assembly of 'd:\stm8\ac_start\main.asm'
No errors on assembly of 'd:\stm8\ac_start\main.asm'
No errors on assembly of 'd:\stm8\ac_start\mapping.asm'
No errors on assembly of 'd:\stm8\ac_start\mapping.asm'
No errors on assembly of 'd:\stm8\ac_start\main.asm'
No errors on assembly of 'd:\stm8\ac_start\main.asm'
No errors on assembly of 'd:\stm8\ac_start\mapping.asm'
No errors on assembly of 'd:\stm8\ac_start\mapping.asm'
No errors on assembly of 'd:\stm8\ac_start\main.asm'
No errors on assembly of 'd:\stm8\ac_start\main.asm'
No errors on assembly of 'd:\stm8\ac_start\main.asm'
No errors on assembly of 'd:\stm8\ac_start\main.asm'
No errors on assembly of 'd:\stm8\ac_start\main.asm'
No errors on assembly of 'd:\stm8\ac_start\mapping.asm'
No errors on assembly of 'd:\stm8\ac_start\mapping.asm'
No errors on assembly of 'd:\stm8\ac_start\main.asm'
No errors on assembly of 'd:\stm8\ac_start\main.asm'
No errors on assembly of 'd:\stm8\ac_start\mapping.asm'
No errors on assembly of 'd:\stm8\ac_start\mapping.asm'
No errors on assembly of 'd:\stm8\ac_start\main.asm'
No errors on assembly of 'd:\stm8\ac_start\main.asm'
No errors on assembly of 'd:\stm8\ac_start\mapping.asm'
No errors on assembly of 'd:\stm8\ac_start\mapping.asm'
No errors on assembly of 'd:\stm8\ac_start\main.asm'
No errors on assembly of 'd:\stm8\ac_start\main.asm'
No errors on assembly of 'd:\stm8\ac_start\mapping.asm'
No errors on assembly of 'd:\stm8\ac_start\mapping.asm'
No errors on assembly of 'd:\stm8\ac_start\main.asm'
No errors on assembly of 'd:\stm8\ac_start\main.asm'
No errors on assembly of 'd:\stm8\ac_start\mapping.asm'
No errors on assembly of 'd:\stm8\ac_start\mapping.asm'
No errors on assembly of 'd:\stm8\ac_start\main.asm'
No errors on assembly of 'd:\stm8\ac_start\main.asm'
No errors on assembly of 'd:\stm8\ac_start\mapping.asm'
No errors on assembly of 'd:\stm8\ac_start\mapping.asm'
No errors on assembly of 'd:\stm8\ac_start\main.asm'
No errors on assembly of 'd:\stm8\ac_start\main.asm'
No errors on assembly of 'd:\stm8\ac_start\mapping.asm'
No errors on assembly of 'd:\stm8\ac_start\mapping.asm'
No errors on assembly of 'd:\stm8\ac_start\main.asm'
No errors on assembly of 'd:\stm8\ac_start\main.asm'
No errors on assembly of 'd:\stm8\ac_start\mapping.asm'
No errors on assembly of 'd:\stm8\ac_start\mapping.asm'
No errors on assembly of 'd:\stm8\ac_start\main.asm'
No errors on assembly of 'd:\stm8\ac_start\main.asm'
No errors on assembly of 'd:\stm8\ac_start\mapping.asm'
No errors on assembly of 'd:\stm8\ac_start\mapping.asm'
No errors on assembly of 'd:\stm8\ac_start\main.asm'
No errors on assembly of 'd:\stm8\ac_start\main.asm'
No errors on assembly of 'd:\stm8\ac_start\main.asm'
No errors on assembly of 'd:\stm8\ac_start\main.asm'
No errors on assembly of 'd:\stm8\ac_start\mapping.asm'
No errors on assembly of 'd:\stm8\ac_start\mapping.asm'
No errors on assembly of 'd:\stm8\ac_start\main.asm'
No errors on assembly of 'd:\stm8\ac_start\main.asm'
No errors on assembly of 'd:\stm8\ac_start\mapping.asm'
No errors on assembly of 'd:\stm8\ac_start\mapping.asm'
No errors on assembly of 'd:\stm8\ac_start\main.asm'
No errors on assembly of 'd:\stm8\ac_start\main.asm'
No errors on assembly of 'd:\stm8\ac_start\mapping.asm'
No errors on assembly of 'd:\stm8\ac_start\mapping.asm'
No errors on assembly of 'd:\stm8\ac_start\main.asm'
No errors on assembly of 'd:\stm8\ac_start\main.asm'
No errors on assembly of 'd:\stm8\ac_start\mapping.asm'
No errors on assembly of 'd:\stm8\ac_start\mapping.asm'
No errors on assembly of 'd:\stm8\ac_start\main.asm'
No errors on assembly of 'd:\stm8\ac_start\main.asm'
No errors on assembly of 'd:\stm8\ac_start\mapping.asm'
No errors on assembly of 'd:\stm8\ac_start\mapping.asm'
No errors on assembly of 'd:\stm8\ac_start\main.asm'
No errors on assembly of 'd:\stm8\ac_start\main.asm'
No errors on assembly of 'd:\stm8\ac_start\mapping.asm'
No errors on assembly of 'd:\stm8\ac_start\mapping.asm'
No errors on assembly of 'd:\stm8\ac_start\main.asm'
No errors on assembly of 'd:\stm8\ac_start\main.asm'
No errors on assembly of 'd:\stm8\ac_start\mapping.asm'
No errors on assembly of 'd:\stm8\ac_start\mapping.asm'
No errors on assembly of 'd:\stm8\ac_start\main.asm'
No errors on assembly of 'd:\stm8\ac_start\main.asm'
No errors on assembly of 'd:\stm8\ac_start\mapping.asm'
No errors on assembly of 'd:\stm8\ac_start\mapping.asm'
No errors on assembly of 'd:\stm8\ac_start\main.asm'
No errors on assembly of 'd:\stm8\ac_start\main.asm'
No errors on assembly of 'd:\stm8\ac_start\mapping.asm'
No errors on assembly of 'd:\stm8\ac_start\mapping.asm'
No errors on assembly of 'd:\stm8\ac_start\main.asm'
No errors on assembly of 'd:\stm8\ac_start\main.asm'
No errors on assembly of 'd:\stm8\ac_start\mapping.asm'
No errors on assembly of 'd:\stm8\ac_start\mapping.asm'
No errors on assembly of 'd:\stm8\ac_start\main.asm'
No errors on assembly of 'd:\stm8\ac_start\main.asm'
No errors on assembly of 'd:\stm8\ac_start\mapping.asm'
No errors on assembly of 'd:\stm8\ac_start\mapping.asm'
No errors on assembly of 'd:\stm8\ac_start\main.asm'
No errors on assembly of 'd:\stm8\ac_start\main.asm'
No errors on assembly of 'd:\stm8\ac_start\mapping.asm'
No errors on assembly of 'd:\stm8\ac_start\mapping.asm'
No errors on assembly of 'd:\stm8\ac_start\main.asm'
No errors on assembly of 'd:\stm8\ac_start\main.asm'
No errors on assembly of 'd:\stm8\ac_start\mapping.asm'
No errors on assembly of 'd:\stm8\ac_start\mapping.asm'
No errors on assembly of 'd:\stm8\ac_start\main.asm'
No errors on assembly of 'd:\stm8\ac_start\main.asm'
No errors on assembly of 'd:\stm8\ac_start\mapping.asm'
No errors on assembly of 'd:\stm8\ac_start\mapping.asm'
No errors on assembly of 'd:\stm8\ac_start\main.asm'
No errors on assembly of 'd:\stm8\ac_start\main.asm'
No errors on assembly of 'd:\stm8\ac_start\mapping.asm'
No errors on assembly of 'd:\stm8\ac_start\mapping.asm'
No errors on assembly of 'd:\stm8\ac_start\main.asm'
No errors on assembly of 'd:\stm8\ac_start\main.asm'
No errors on assembly of 'd:\stm8\ac_start\mapping.asm'
No errors on assembly of 'd:\stm8\ac_start\mapping.asm'
No errors on assembly of 'd:\stm8\ac_start\main.asm'
No errors on assembly of 'd:\stm8\ac_start\main.asm'
No errors on assembly of 'd:\stm8\ac_start\mapping.asm'
No errors on assembly of 'd:\stm8\ac_start\mapping.asm'
No errors on assembly of 'd:\stm8\ac_start\main.asm'
No errors on assembly of 'd:\stm8\ac_start\main.asm'
No errors on assembly of 'd:\stm8\ac_start\mapping.asm'
No errors on assembly of 'd:\stm8\ac_start\mapping.asm'
No errors on assembly of 'd:\stm8\ac_start\main.asm'
No errors on assembly of 'd:\stm8\ac_start\main.asm'
No errors on assembly of 'd:\stm8\ac_start\mapping.asm'
No errors on assembly of 'd:\stm8\ac_start\mapping.asm'
No errors on assembly of 'd:\stm8\ac_start\main.asm'
No errors on assembly of 'd:\stm8\ac_start\main.asm'
No errors on assembly of 'd:\stm8\ac_start\main.asm'
No errors on assembly of 'd:\stm8\ac_start\main.asm'
No errors on assembly of 'd:\stm8\ac_start\main.asm'
No errors on assembly of 'd:\stm8\ac_start\main.asm'
d:\stm8\ac_start\main.asm(103): as1 : Error 54: Can't match Addressing mode '  ADDW ST, #5  ;SP +5'
d:\stm8\ac_start\main.asm(493): as1 : Error 56: unrecognised opcode '	MOVW  u16delayDuration,  u16test ; copy word'
2 errors on assembly of 'd:\stm8\ac_start\main.asm'
d:\stm8\ac_start\main.asm(103): as1 : Error 54: Can't match Addressing mode '  ADDW ST, #5  ;SP +5'
d:\stm8\ac_start\main.asm(493): as1 : Error 56: unrecognised opcode '	MOVW  u16delayDuration,  u16test ; copy word'
d:\stm8\ac_start\main.asm(103): as2 : Error 46: Illegal undefined label 'ST, #5  ;SP +5'
3 errors on assembly of 'd:\stm8\ac_start\main.asm'
d:\stm8\ac_start\main.asm(493): as1 : Error 56: unrecognised opcode '	MOVW  u16delayDuration,  u16test ; copy word'
1 error on assembly of 'd:\stm8\ac_start\main.asm'
d:\stm8\ac_start\main.asm(493): as1 : Error 56: unrecognised opcode '	MOVW  u16delayDuration,  u16test ; copy word'
1 error on assembly of 'd:\stm8\ac_start\main.asm'
d:\stm8\ac_start\main.asm(493): as1 : Error 54: Can't match Addressing mode '	LDW  u16delayDuration,  u16test ; copy word'
1 error on assembly of 'd:\stm8\ac_start\main.asm'
d:\stm8\ac_start\main.asm(493): as1 : Error 54: Can't match Addressing mode '	LDW  u16delayDuration,  u16test ; copy word'
1 error on assembly of 'd:\stm8\ac_start\main.asm'
No errors on assembly of 'd:\stm8\ac_start\main.asm'
No errors on assembly of 'd:\stm8\ac_start\main.asm'
No errors on assembly of 'd:\stm8\ac_start\mapping.asm'
No errors on assembly of 'd:\stm8\ac_start\mapping.asm'
No errors on assembly of 'd:\stm8\ac_start\main.asm'
No errors on assembly of 'd:\stm8\ac_start\main.asm'
No errors on assembly of 'd:\stm8\ac_start\mapping.asm'
No errors on assembly of 'd:\stm8\ac_start\mapping.asm'
No errors on assembly of 'd:\stm8\ac_start\main.asm'
No errors on assembly of 'd:\stm8\ac_start\main.asm'
No errors on assembly of 'd:\stm8\ac_start\mapping.asm'
No errors on assembly of 'd:\stm8\ac_start\mapping.asm'
No errors on assembly of 'd:\stm8\ac_start\main.asm'
No errors on assembly of 'd:\stm8\ac_start\main.asm'
No errors on assembly of 'd:\stm8\ac_start\main.asm'
No errors on assembly of 'd:\stm8\ac_start\main.asm'
No errors on assembly of 'd:\stm8\ac_start\mapping.asm'
No errors on assembly of 'd:\stm8\ac_start\mapping.asm'
No errors on assembly of 'd:\stm8\ac_start\main.asm'
No errors on assembly of 'd:\stm8\ac_start\main.asm'
No errors on assembly of 'd:\stm8\ac_start\mapping.asm'
No errors on assembly of 'd:\stm8\ac_start\mapping.asm'
No errors on assembly of 'd:\stm8\ac_start\main.asm'
No errors on assembly of 'd:\stm8\ac_start\main.asm'
No errors on assembly of 'd:\stm8\ac_start\mapping.asm'
No errors on assembly of 'd:\stm8\ac_start\mapping.asm'
No errors on assembly of 'd:\stm8\ac_start\main.asm'
No errors on assembly of 'd:\stm8\ac_start\main.asm'
No errors on assembly of 'd:\stm8\ac_start\mapping.asm'
No errors on assembly of 'd:\stm8\ac_start\mapping.asm'
No errors on assembly of 'd:\stm8\ac_start\main.asm'
No errors on assembly of 'd:\stm8\ac_start\main.asm'
No errors on assembly of 'd:\stm8\ac_start\mapping.asm'
No errors on assembly of 'd:\stm8\ac_start\mapping.asm'
No errors on assembly of 'd:\stm8\ac_start\main.asm'
No errors on assembly of 'd:\stm8\ac_start\main.asm'
No errors on assembly of 'd:\stm8\ac_start\mapping.asm'
No errors on assembly of 'd:\stm8\ac_start\mapping.asm'
No errors on assembly of 'd:\stm8\ac_start\main.asm'
No errors on assembly of 'd:\stm8\ac_start\main.asm'
No errors on assembly of 'd:\stm8\ac_start\mapping.asm'
No errors on assembly of 'd:\stm8\ac_start\mapping.asm'
No errors on assembly of 'd:\stm8\ac_start\main.asm'
No errors on assembly of 'd:\stm8\ac_start\main.asm'
No errors on assembly of 'd:\stm8\ac_start\mapping.asm'
No errors on assembly of 'd:\stm8\ac_start\mapping.asm'
d:\stm8\ac_start\main.asm(415): as1 : Error 56: unrecognised opcode '	TNZV X'
1 error on assembly of 'd:\stm8\ac_start\main.asm'
d:\stm8\ac_start\main.asm(415): as1 : Error 56: unrecognised opcode '	TNZV X'
1 error on assembly of 'd:\stm8\ac_start\main.asm'
d:\stm8\ac_start\main.asm(415): as1 : Error 56: unrecognised opcode '	TNZV X'
1 error on assembly of 'd:\stm8\ac_start\main.asm'
d:\stm8\ac_start\main.asm(415): as1 : Error 56: unrecognised opcode '	TNZV X'
1 error on assembly of 'd:\stm8\ac_start\main.asm'
d:\stm8\ac_start\main.asm(415): as1 : Error 56: unrecognised opcode '	TNZV X'
1 error on assembly of 'd:\stm8\ac_start\main.asm'
No errors on assembly of 'd:\stm8\ac_start\main.asm'
No errors on assembly of 'd:\stm8\ac_start\main.asm'
No errors on assembly of 'd:\stm8\ac_start\mapping.asm'
No errors on assembly of 'd:\stm8\ac_start\mapping.asm'
No errors on assembly of 'd:\stm8\ac_start\main.asm'
No errors on assembly of 'd:\stm8\ac_start\main.asm'
No errors on assembly of 'd:\stm8\ac_start\main.asm'
No errors on assembly of 'd:\stm8\ac_start\main.asm'
No errors on assembly of 'd:\stm8\ac_start\mapping.asm'
No errors on assembly of 'd:\stm8\ac_start\mapping.asm'
No errors on assembly of 'd:\stm8\ac_start\main.asm'
No errors on assembly of 'd:\stm8\ac_start\main.asm'
